1:
3.6
3.2
3.5
4.7
3.6
3.8
3.3
3.6
4.0
3.5
2.9
3.5
3.9
3.9
2.7
3.9
3.5
4.5
4.1
4.1
3.0
5.0
3.5
10:
3.4
3.2
1000:
3.6
3.3
3.0
5.0
4.1
3.8
3.6
4.3
3.3
2.9
3.6
3.9
3.6
4.7
4.3
3.4
3.4
3.4
3.5
4.0
3.7
4.3
2.7
3.4
4.4
3.4
4.0
10000:
4.4
4.3
10001:
3.3
4.2
3.6
2.6
4.2
3.3
3.3
3.9
3.8
3.4
4.0
4.0
2.8
4.1
3.5
3.4
4.3
10002:
4.5
3.5
5.0
4.2
10003:
3.6
10004:
4.5
3.6
3.8
3.4
4.2
3.8
3.9
3.8
3.8
3.7
3.9
3.4
3.8
3.3
3.9
3.8
3.9
3.9
4.1
3.5
3.7
3.5
3.5
3.6
4.8
3.3
3.6
3.8
3.0
4.3
4.0
10005:
4.0
4.4
3.7
3.3
3.4
10006:
4.6
4.0
4.8
3.5
10007:
3.2
3.8
3.4
3.4
3.2
3.7
3.3
4.0
3.6
3.9
3.4
3.7
3.5
10008:
4.8
3.3
3.6
2.8
4.3
4.1
4.0
10009:
3.3
3.8
4.9
3.0
2.9
3.7
1001:
4.7
3.7
3.3
3.5
4.3
4.3
4.0
3.7
3.0
4.0
3.9
4.2
3.2
3.9
3.7
3.6
4.3
4.1
3.2
3.4
3.2
4.0
3.6
3.0
3.8
3.3
3.9
3.9
4.0
4.5
3.9
5.0
3.2
3.7
3.7
3.7
4.4
3.0
3.1
4.0
4.2
3.3
3.9
4.3
4.4
4.0
3.6
3.4
3.5
4.4
3.5
2.6
2.8
4.0
4.1
4.4
3.2
3.7
3.8
3.4
3.7
3.4
3.4
3.2
4.3
3.2
3.1
3.3
4.3
3.8
3.3
3.4
3.8
3.2
3.4
4.0
2.9
3.0
3.8
3.8
4.0
4.3
2.8
3.9
3.7
3.6
3.6
4.3
3.6
3.1
4.3
3.8
3.9
4.1
3.4
3.0
3.4
3.4
3.6
3.7
3.8
3.7
3.3
3.3
3.7
3.7
3.9
4.0
3.9
3.0
3.3
3.6
3.7
3.3
3.7
3.0
3.3
4.1
4.0
3.3
3.6
3.8
3.5
3.8
3.5
3.6
3.3
4.1
3.7
3.5
3.7
4.0
3.9
3.5
10010:
3.5
3.3
3.3
4.2
3.9
3.5
3.6
3.4
2.9
3.7
3.1
3.1
3.2
2.9
4.1
3.4
3.1
3.9
2.5
3.5
2.9
3.1
3.2
10011:
3.8
3.5
10012:
3.6
4.5
3.5
3.6
4.2
4.3
3.0
3.8
3.5
3.8
4.3
3.6
3.5
10013:
3.9
3.6
3.9
4.0
3.6
3.8
3.6
3.9
3.6
4.1
3.2
4.3
3.6
4.0
3.4
3.6
3.2
3.4
3.7
3.2
3.3
3.0
3.5
4.0
4.0
3.5
3.7
2.9
3.2
3.6
3.4
3.1
3.3
4.1
3.4
3.3
3.7
4.3
4.1
3.1
4.4
3.6
3.8
3.7
3.8
3.1
3.6
3.8
3.3
3.9
3.3
3.4
3.9
4.1
3.6
3.0
4.1
10014:
3.5
4.4
3.0
4.0
3.5
10015:
3.6
3.1
2.7
3.3
3.7
3.3
3.9
3.7
3.7
3.2
3.8
3.5
3.2
3.9
3.9
3.3
3.6
4.0
3.6
4.0
5.0
4.0
4.5
2.7
3.0
3.1
4.0
3.5
10016:
3.5
2.6
2.9
3.6
4.4
10017:
3.7
4.1
3.8
10018:
4.7
3.9
2.8
3.0
3.4
3.7
3.5
3.2
2.3
3.9
3.5
3.9
3.9
3.8
3.3
3.7
3.4
3.6
3.4
3.6
3.5
3.2
4.0
4.1
3.4
4.0
3.6
3.8
3.7
4.1
10019:
3.7
3.3
4.0
3.2
4.6
4.5
3.8
2.9
4.0
3.6
4.7
3.2
3.2
3.5
4.0
3.8
4.1
3.7
3.6
4.7
4.0
4.0
4.0
3.8
4.2
4.1
3.3
3.5
3.5
4.0
3.6
3.6
4.0
4.2
3.5
4.3
2.6
3.9
4.2
4.2
4.3
4.5
3.9
4.1
4.5
3.2
4.0
4.4
4.1
3.9
3.3
3.5
4.1
3.5
3.6
2.6
3.1
3.4
4.6
3.4
3.1
3.6
3.5
3.6
4.1
5.0
3.6
5.0
3.8
1002:
3.4
3.0
3.5
3.7
3.6
3.8
4.1
2.6
3.6
3.6
4.2
3.7
3.5
3.2
10020:
3.8
3.9
3.6
4.1
3.7
3.5
3.8
4.2
4.1
3.8
3.8
4.8
3.6
3.9
3.8
3.8
4.1
3.4
4.0
3.4
4.3
3.2
3.6
3.6
3.1
2.3
4.1
10021:
3.6
4.1
4.2
3.8
10022:
2.6
3.7
3.4
3.2
3.7
3.7
3.0
3.0
10023:
4.0
3.9
3.9
3.6
4.8
3.6
3.3
3.8
3.5
4.0
4.4
10024:
3.7
4.2
3.5
4.1
3.7
3.3
3.3
3.4
3.9
3.9
10025:
3.4
10027:
4.4
3.5
3.4
3.6
2.9
3.5
3.4
4.1
3.2
4.0
3.6
3.7
3.9
3.2
3.7
4.2
3.5
3.9
4.1
3.8
3.4
4.0
3.7
3.5
4.1
3.9
4.2
4.4
4.5
4.4
4.4
3.9
3.1
3.5
3.9
4.4
4.6
3.9
4.0
3.4
4.1
4.0
4.9
3.6
3.5
4.2
4.0
3.8
4.2
4.2
3.8
4.2
3.5
3.5
3.3
4.1
3.4
3.4
4.3
4.1
3.5
3.5
3.2
3.1
4.4
4.8
3.1
4.0
3.2
4.1
4.1
4.0
3.9
3.7
4.4
3.8
4.1
4.0
2.8
3.6
4.6
4.7
2.9
3.6
3.9
4.2
3.7
4.0
10028:
3.5
3.8
3.4
4.5
4.7
3.4
4.8
10029:
3.6
4.5
4.4
3.4
10031:
3.6
3.0
3.9
2.8
4.3
3.2
3.0
2.7
3.0
10032:
3.1
4.8
4.2
4.3
4.1
2.7
3.5
3.4
3.8
2.4
3.2
4.2
4.7
3.5
4.1
2.8
3.7
3.5
3.5
3.7
3.2
3.5
3.3
3.5
3.6
3.1
3.5
3.5
4.2
3.2
3.6
3.8
4.1
3.8
3.4
4.0
3.3
3.3
3.4
3.4
3.5
3.6
3.4
3.0
3.4
3.6
4.0
10033:
4.2
3.9
2.9
3.9
3.8
3.2
3.6
3.4
3.8
3.4
4.0
3.7
5.0
4.2
10034:
2.7
3.4
10035:
2.3
4.3
4.4
3.9
4.1
4.0
3.3
3.2
3.5
3.1
3.7
3.5
3.7
3.9
3.6
3.6
3.7
3.8
3.9
4.9
10036:
3.2
3.2
3.4
3.2
3.8
3.5
2.9
3.6
2.7
3.0
3.2
3.5
3.9
3.8
4.5
3.9
3.6
3.9
2.5
3.0
3.6
3.2
4.1
3.9
3.8
4.1
3.8
3.7
3.8
2.9
3.5
3.0
2.9
3.4
3.2
3.4
3.7
3.6
3.4
3.8
3.3
3.8
4.2
3.9
3.8
4.0
4.5
4.5
3.0
4.0
3.2
3.7
3.7
2.9
3.5
4.2
3.1
4.8
3.3
4.0
3.8
4.3
3.1
4.3
3.1
4.4
3.5
4.0
3.7
3.9
4.6
3.9
3.7
3.2
3.8
4.1
4.0
3.1
4.0
4.0
3.6
3.3
4.6
3.9
2.9
3.7
3.4
3.8
3.8
3.5
3.2
4.1
3.4
4.0
3.4
3.2
3.2
3.8
3.4
4.1
4.1
3.7
3.4
4.4
3.2
2.9
3.6
3.1
3.3
3.8
3.8
3.3
3.4
3.9
3.3
3.6
4.5
3.3
3.4
3.8
3.6
3.7
3.7
3.5
3.8
3.3
4.1
4.4
3.4
3.2
3.9
3.1
3.1
4.0
3.4
3.1
3.7
3.7
4.0
3.0
4.6
4.0
3.1
3.6
3.2
4.5
3.3
3.7
3.3
3.1
3.8
3.8
3.9
3.3
3.6
3.3
4.7
3.4
3.6
4.3
4.0
3.3
3.8
4.0
3.6
3.6
3.9
4.3
3.7
3.4
3.2
3.4
4.1
3.3
3.8
3.7
3.4
4.0
3.9
4.3
3.6
4.3
3.1
3.7
4.6
3.5
3.5
3.5
3.9
3.6
3.8
3.1
3.8
4.6
4.0
2.8
3.6
3.8
3.0
3.7
3.7
3.7
3.4
3.6
2.8
4.7
3.7
3.9
3.2
3.5
3.6
3.3
4.3
3.4
3.3
10037:
4.3
3.5
3.6
4.2
4.0
4.1
3.7
3.2
3.5
4.1
3.5
3.5
3.6
3.7
10038:
4.6
3.8
3.6
3.7
3.6
4.0
4.0
3.4
10039:
2.5
1004:
2.8
2.9
3.2
3.2
3.7
3.4
3.5
4.2
2.7
3.5
3.7
4.2
3.8
3.5
3.1
2.7
3.3
3.6
3.2
3.4
3.7
3.2
3.1
2.1
3.1
2.7
3.4
3.5
2.9
3.5
3.5
10040:
3.8
3.6
4.3
10041:
3.9
3.4
3.6
3.2
3.6
3.6
4.2
3.5
3.8
3.2
2.9
3.9
4.3
3.2
3.7
3.9
3.6
3.1
3.4
2.9
3.4
3.6
3.2
3.4
3.8
2.9
3.7
3.2
3.7
3.3
3.8
10042:
3.9
3.4
3.9
3.5
3.7
4.1
4.3
3.3
4.3
3.5
3.9
3.5
3.9
3.7
3.8
4.2
3.4
4.1
4.0
3.9
3.5
4.2
2.9
3.7
3.8
4.4
4.0
2.5
4.0
3.9
3.8
4.0
3.8
4.3
3.8
4.5
3.6
3.8
3.4
3.1
3.9
3.6
3.5
3.3
3.6
4.2
3.8
3.3
3.6
3.3
3.7
4.1
4.4
3.2
4.5
4.3
3.0
3.9
3.2
3.6
3.8
3.7
3.8
3.7
3.0
3.1
3.5
4.1
3.6
3.2
3.4
3.3
3.8
3.5
3.3
4.3
4.2
3.7
3.7
4.0
3.2
3.7
4.0
3.7
4.2
3.4
3.6
4.0
3.1
4.2
3.5
3.9
4.8
3.6
3.7
4.1
3.7
3.8
3.7
3.5
4.1
4.1
3.5
4.5
4.0
3.6
3.7
3.8
4.4
3.7
4.2
3.8
3.2
4.1
3.3
3.6
3.8
3.2
3.9
4.4
3.1
4.5
3.8
4.5
4.1
4.8
3.1
3.5
3.9
3.4
3.5
3.9
3.7
1.9
3.6
3.7
4.5
4.7
3.4
4.4
3.6
4.6
3.7
3.6
3.7
3.7
3.9
3.1
3.3
4.2
3.4
3.9
4.7
3.8
4.1
3.6
3.6
3.1
3.2
4.0
2.8
4.3
3.8
3.8
3.6
4.3
3.5
3.5
3.6
3.9
4.2
4.2
3.3
3.5
4.2
3.5
3.9
4.4
4.7
3.9
3.4
3.8
4.3
3.5
3.8
4.4
3.4
3.0
3.6
4.2
3.4
3.7
4.2
3.4
4.2
4.3
4.2
3.6
3.8
3.9
3.9
4.1
3.9
3.6
4.0
2.4
4.0
3.8
3.9
3.5
3.5
3.6
4.3
4.3
4.4
4.2
4.1
4.0
3.7
4.0
3.6
4.0
4.3
4.0
3.8
4.0
4.2
3.5
3.7
3.7
3.8
3.8
3.7
3.6
4.4
3.7
4.2
3.5
4.0
3.9
3.4
4.5
3.3
4.1
4.0
4.1
4.6
4.1
3.7
3.9
3.2
3.8
4.6
3.7
3.7
3.6
3.3
4.0
3.9
3.2
3.2
3.2
3.8
4.4
3.0
3.6
3.7
4.1
3.5
3.5
3.8
4.2
3.7
3.4
3.2
3.3
3.7
4.0
3.8
3.8
3.7
3.5
4.1
3.5
4.0
3.6
3.2
4.2
3.5
4.0
4.0
3.3
4.0
3.4
4.1
3.4
3.6
3.8
3.5
3.6
4.0
3.8
3.9
3.8
3.1
3.8
3.7
3.8
4.0
4.0
3.8
3.5
4.0
3.7
3.7
4.2
3.5
4.2
4.2
3.5
4.0
3.5
4.2
4.0
4.1
4.2
4.2
3.9
4.3
3.8
4.2
3.8
3.2
4.1
3.5
3.9
3.9
4.5
3.5
4.3
4.2
4.0
4.2
4.8
3.4
4.1
4.0
4.5
3.5
4.0
4.4
3.5
4.1
3.6
3.2
3.9
3.9
4.1
3.6
3.9
3.5
3.5
3.7
3.7
3.8
3.7
3.3
3.4
4.5
3.4
4.6
3.7
3.7
3.6
3.7
4.5
3.1
2.9
3.9
3.9
3.8
3.8
3.2
3.9
3.5
4.2
3.7
3.6
3.3
3.8
3.8
3.3
3.8
3.2
3.3
4.5
3.8
3.1
3.7
4.0
3.7
3.6
3.5
3.6
3.7
3.8
4.0
3.7
3.1
4.1
4.3
3.3
3.9
3.7
3.4
3.9
3.3
4.4
3.9
3.1
4.7
3.8
3.9
4.4
3.8
3.3
4.1
4.4
4.0
3.4
3.5
4.2
3.3
3.8
3.9
3.1
3.6
2.5
3.5
3.7
3.5
4.3
3.8
3.8
4.2
3.9
4.0
3.6
3.6
3.3
3.6
4.2
2.9
4.1
4.3
4.2
3.4
3.9
3.6
4.1
3.7
3.4
3.4
3.3
4.8
3.8
4.1
2.8
4.0
4.5
3.9
3.7
3.6
4.3
4.5
4.1
4.0
4.4
3.4
3.1
3.9
3.9
3.6
3.4
4.6
3.4
2.9
3.6
3.8
3.4
3.8
3.5
3.2
3.8
3.8
4.1
3.6
3.9
3.8
3.4
2.9
3.1
3.7
3.3
2.7
4.3
3.9
4.1
3.1
3.9
3.8
4.1
3.7
3.6
4.1
4.2
4.6
4.1
3.5
3.5
4.1
3.4
3.4
3.7
4.6
3.8
3.7
3.1
2.9
4.5
3.9
3.3
3.5
4.0
4.3
3.6
4.6
4.5
4.2
3.8
3.3
4.2
4.0
3.7
4.2
4.5
3.2
4.5
4.0
3.8
2.9
2.7
4.3
2.1
3.6
4.1
3.6
3.5
3.2
4.0
3.5
3.4
4.0
3.7
4.1
4.2
3.6
3.3
3.8
3.3
3.5
3.2
3.2
4.3
3.4
4.0
3.8
3.0
3.8
3.8
4.3
3.1
3.6
3.3
3.3
3.7
3.6
4.0
4.3
4.2
3.8
3.8
3.4
3.5
3.1
3.7
3.9
4.0
3.6
3.3
3.8
4.0
3.8
3.3
3.0
3.9
3.6
3.6
4.4
3.2
3.6
3.3
4.3
3.9
3.4
3.5
3.5
4.5
3.5
3.4
3.2
3.7
3.8
3.7
3.3
3.8
3.1
3.0
3.9
3.6
3.8
4.0
3.9
3.5
3.7
3.3
4.6
3.8
4.0
4.1
4.0
3.3
4.0
3.9
4.1
4.1
4.5
3.6
3.5
3.6
3.5
3.8
3.8
3.9
4.2
4.0
3.7
4.0
3.6
3.9
2.8
4.1
3.0
3.8
4.0
4.2
3.7
3.3
3.5
3.8
3.7
3.5
4.1
4.3
4.5
3.9
3.2
3.9
3.3
3.5
4.4
3.6
4.0
3.2
3.8
3.6
3.6
4.4
3.6
3.5
3.4
4.3
3.8
3.6
3.7
3.9
3.9
4.1
3.8
3.7
3.9
3.1
3.6
3.9
3.9
4.1
3.7
3.6
3.4
3.6
3.7
3.3
3.9
4.2
3.9
4.2
4.0
3.7
4.0
3.7
3.3
4.2
4.4
3.8
3.1
3.4
3.9
2.7
3.2
3.3
3.8
3.8
4.3
3.4
4.3
3.8
3.6
3.7
3.5
2.7
3.7
3.8
3.1
4.1
3.4
3.7
4.2
4.0
4.0
4.4
3.4
4.3
4.3
3.6
3.9
3.9
1.03
