commit f1eda5a61931e8f9c268657994d01e7b66b51b34
Author: Matthew Kim <myk235@cs.utexas.edu>
Date:   Sat Sep 26 17:10:21 2015 -0500

    final commit

commit 2a58c51d1b2b7adfac3978913fa50a65d0245bb8
Author: Matthew Kim <myk235@cs.utexas.edu>
Date:   Thu Sep 24 20:40:19 2015 -0500

    Final commit

commit 21294286540599ecd43d9bd99f3ab76450d8c146
Author: Matthew Kim <myk235@cs.utexas.edu>
Date:   Thu Sep 24 20:22:10 2015 -0500

    Added git log

commit 71b8adeef8eb7c4c84da60547a2e447b2a6e548f
Author: Matthew Kim <myk235@cs.utexas.edu>
Date:   Thu Sep 24 20:20:25 2015 -0500

    Added EID files and fixed RunCollatz.in

commit 98d4c64aca76301c218524c30a1a3cd69a6d2d50
Author: Matthew Kim <myk235@cs.utexas.edu>
Date:   Thu Sep 24 00:11:35 2015 -0500

    commit to make travis build pass

commit ccb63d6fb59c4a5d9019b5dc9cecd1fd215674c2
Author: Matthew Kim <myk235@cs.utexas.edu>
Date:   Thu Sep 24 00:07:27 2015 -0500

    lowered RMSE value to 1.04

commit c76eef2791e82d2c63021639abf8cff6600c9c9e
Author: Matthew Kim <myk235@cs.utexas.edu>
Date:   Wed Sep 23 23:27:27 2015 -0500

    Initial commit, with all files modified (late commit)
